here
hash e54af83615403cc94407168f4689eda639f1217c570a02cf42c117eee6accf9e
sig 1GRUYu8P1uhAgGP3YkruC3GBgdi7mRXV3zet0huAwsxZE6ZdRTgfqlqQnp8d4vjzHYEvNh/1dJinmAVoMEEYDA==
pk 302a300506032b6570032100f5ac22a454c86fe3ead05f136df9b5afcbf9f9c3a516fbf28cf7494366675e6b
{"payload64":"eyJtYWluX3RhYmxlIjoieF9zbmNfaG5vd19tZXNzYWdlIiwibWFpbl90b3BpYyI6IjAuMC4yMjI4Mzg2Iiwic2VxIjoiMSIsInN0YXRlIjoiNDRiNTk0NDAxZDQ0YmRlNTI1MzY5MTQ4ZWM1MWMzM2YyN2VjNjM2N2VkYzdkNjJjNDljZDc2YmFiNzg4ZDhkNyJ9","hash":"e54af83615403cc94407168f4689eda639f1217c570a02cf42c117eee6accf9e","instance":"hnowdemo","participant":"Verification","guid":"77c0358c8706b050e651ed740cbb3566","pubkey":"302a300506032b6570032100f5ac22a454c86fe3ead05f136df9b5afcbf9f9c3a516fbf28cf7494366675e6b","signature":"1GRUYu8P1uhAgGP3YkruC3GBgdi7mRXV3zet0huAwsxZE6ZdRTgfqlqQnp8d4vjzHYEvNh/1dJinmAVoMEEYDA=="}
snc_msg[object Object]
Processing sequence number 1
statusCode: 201
hash b9b1a20d449bf624ca659e9551980b911482e082aad3185c3306b2a1e387f88b
sig oPZSXYmebWed7JSQZ5IgrRmYYUfjZzqbvA9c/OSg2o4L1jnRaBDXobRwNUHduKH6nFGI0Llbw9nzTivYH5uwBQ==
pk 302a300506032b6570032100f5ac22a454c86fe3ead05f136df9b5afcbf9f9c3a516fbf28cf7494366675e6b
{"payload64":"eyJtYWluX3RhYmxlIjoieF9zbmNfaG5vd19tZXNzYWdlIiwibWFpbl90b3BpYyI6IjAuMC4yMjI4Mzg2Iiwic2VxIjoiMiIsInN0YXRlIjoiMTNmNzI0MTAxMmZjOGMyNDdhNTdmYzViZTRmMTYxMTNkZWNmYjJmNGYzOTMyZDI1NjAzZWQyNDM2Y2Y1YjA1ZCJ9","hash":"b9b1a20d449bf624ca659e9551980b911482e082aad3185c3306b2a1e387f88b","instance":"hnowdemo","participant":"Verification","guid":"d5f0b50c870eb0506f170e99cebb3593","pubkey":"302a300506032b6570032100f5ac22a454c86fe3ead05f136df9b5afcbf9f9c3a516fbf28cf7494366675e6b","signature":"oPZSXYmebWed7JSQZ5IgrRmYYUfjZzqbvA9c/OSg2o4L1jnRaBDXobRwNUHduKH6nFGI0Llbw9nzTivYH5uwBQ=="}
snc_msg[object Object]
Processing sequence number 2
statusCode: 201
hash ed999fec6e1265a0a99dea3458938e4ba563345f32c4738f6946cdcc742a1194
sig 4saG7S07JZwl55bWjwq/A25LDaxS3iB1L7wZ1VGMllsLkfDXoyXZQy5gFNkz6JLskinic1apI8m7F/vFc2wEAg==
pk 302a300506032b6570032100f5ac22a454c86fe3ead05f136df9b5afcbf9f9c3a516fbf28cf7494366675e6b
{"payload64":"eyJtYWluX3RhYmxlIjoieF9zbmNfaG5vd19tZXNzYWdlIiwibWFpbl90b3BpYyI6IjAuMC4yMjI4Mzg2Iiwic2VxIjoiMyIsInN0YXRlIjoiNmRjOGM4MjQ2Mzg1OWU4NTMwMTZlYmRmNmQ2ODViZTI1MzNkODdjNDY1YjI3ZWFlN2RjOGJhOTE3MmU0NDBlYyJ9","hash":"ed999fec6e1265a0a99dea3458938e4ba563345f32c4738f6946cdcc742a1194","instance":"hnowdemo","participant":"Verification","guid":"9501790c870eb0506f170e99cebb3526","pubkey":"302a300506032b6570032100f5ac22a454c86fe3ead05f136df9b5afcbf9f9c3a516fbf28cf7494366675e6b","signature":"4saG7S07JZwl55bWjwq/A25LDaxS3iB1L7wZ1VGMllsLkfDXoyXZQy5gFNkz6JLskinic1apI8m7F/vFc2wEAg=="}
snc_msg[object Object]
Processing sequence number 3
statusCode: 201
hash 80dc6ad77680b133f2dcc425b1ca6e9b8f7e0746e211bd1f9a54ceae9c1a6619
sig k7Z/lGcRGRJSmotK+0ecMaKGaRD9TgDoZ3h8tRWaf10QWgn7X+rWAdNCe01YawhB06/22KhQRRiKeOyahF/+DA==
pk 302a300506032b6570032100f5ac22a454c86fe3ead05f136df9b5afcbf9f9c3a516fbf28cf7494366675e6b
{"payload64":"eyJtYWluX3RhYmxlIjoieF9zbmNfaG5vd19tZXNzYWdlIiwibWFpbl90b3BpYyI6IjAuMC4yMjI4Mzg2Iiwic2VxIjoiNCIsInN0YXRlIjoiNTAwYjRhMTA0MDZlMGU0Nzc2OGMyZGQ2YzgzOGE2NmY2ZmRlZjRkYzM3MzU3NzViZDZiNDBkOGEyMWJlNGFkYSJ9","hash":"80dc6ad77680b133f2dcc425b1ca6e9b8f7e0746e211bd1f9a54ceae9c1a6619","instance":"hnowdemo","participant":"Verification","guid":"fd213d0c870eb0506f170e99cebb354c","pubkey":"302a300506032b6570032100f5ac22a454c86fe3ead05f136df9b5afcbf9f9c3a516fbf28cf7494366675e6b","signature":"k7Z/lGcRGRJSmotK+0ecMaKGaRD9TgDoZ3h8tRWaf10QWgn7X+rWAdNCe01YawhB06/22KhQRRiKeOyahF/+DA=="}
snc_msg[object Object]
Processing sequence number 4
statusCode: 201
hash 931d702c922aa0e3f0bdbbd245a19f3d36b346d2fbd6f1d2ec5b685ba17fe42f
sig 7Ew2qZMDmx8W6taztGCUT02aDzkgZEFyJfa3iewPAUem2bySlFQvbe29DNH08wQM1y7lAf6gm5Z4sI4Gr/VEDQ==
pk 302a300506032b6570032100f5ac22a454c86fe3ead05f136df9b5afcbf9f9c3a516fbf28cf7494366675e6b
{"payload64":"eyJtYWluX3RhYmxlIjoieF9zbmNfaG5vd19tZXNzYWdlIiwibWFpbl90b3BpYyI6IjAuMC4yMjI4Mzg2Iiwic2VxIjoiNSIsInN0YXRlIjoiNTAwYjRhMTA0MDZlMGU0Nzc2OGMyZGQ2YzgzOGE2NmY2ZmRlZjRkYzM3MzU3NzViZDZiNDBkOGEyMWJlNGFkYSJ9","hash":"931d702c922aa0e3f0bdbbd245a19f3d36b346d2fbd6f1d2ec5b685ba17fe42f","instance":"hnowdemo","participant":"Verification","guid":"7a31fd0c870eb0506f170e99cebb358e","pubkey":"302a300506032b6570032100f5ac22a454c86fe3ead05f136df9b5afcbf9f9c3a516fbf28cf7494366675e6b","signature":"7Ew2qZMDmx8W6taztGCUT02aDzkgZEFyJfa3iewPAUem2bySlFQvbe29DNH08wQM1y7lAf6gm5Z4sI4Gr/VEDQ=="}
snc_msg[object Object]
Processing sequence number 5
statusCode: 201
