here
hash da460ed6f0308002a74f281e63dc4bca6fe4905bab99948797fbfcb330c7685c
sig K+EKTiy1gDMNTr4R3U5faLV/nITg1YcjUJBgHbov+mLaBGmA1h2ZU27Eh/y03qvoPftOK0Z7L9i9ItaQUiRuDQ==
pk 302a300506032b6570032100bfa35fa484923290c46eeb282a6466a1ddd561f48d5c3d97f753107f0577ed45
{"payload64":"eyJvcGVyYXRpb24iOiJjcmVhdGVfYXNrIiwibmFtZSI6e30sImFza19zeXNfaWQiOiIwZjBjZGRjODg3ODJiMDUwZTY1MWVkNzQwY2JiMzVjYSJ9","hash":"da460ed6f0308002a74f281e63dc4bca6fe4905bab99948797fbfcb330c7685c","instance":"hnowdemo","participant":"Heineken","guid":"c91c510c8782b050e651ed740cbb35a3","pubkey":"302a300506032b6570032100bfa35fa484923290c46eeb282a6466a1ddd561f48d5c3d97f753107f0577ed45","signature":"K+EKTiy1gDMNTr4R3U5faLV/nITg1YcjUJBgHbov+mLaBGmA1h2ZU27Eh/y03qvoPftOK0Z7L9i9ItaQUiRuDQ=="}
snc_msg[object Object]
Processing sequence number 1
statusCode: 201
hash 266ca2b74e073f0935d8867f30e8c289b1f32950a62714d496f3a323376b98fe
sig S8Y6cZRclDRYu+gc/4p9cOffhKgtgeGCU+D4ieNUQLlr4v4L8EKrkh4lOOslnb1TtykF4Fmtn5qvxuJoqmQcDA==
pk 302a300506032b6570032100bfa35fa484923290c46eeb282a6466a1ddd561f48d5c3d97f753107f0577ed45
{"payload64":"eyJvcGVyYXRpb24iOiJjcmVhdGVfYXNrIiwibmFtZSI6e30sImFza19zeXNfaWQiOiJhZGJjZDU0Yzg3ODJiMDUwZTY1MWVkNzQwY2JiMzU1YSJ9","hash":"266ca2b74e073f0935d8867f30e8c289b1f32950a62714d496f3a323376b98fe","instance":"hnowdemo","participant":"Heineken","guid":"b2bc194c8782b050e651ed740cbb3508","pubkey":"302a300506032b6570032100bfa35fa484923290c46eeb282a6466a1ddd561f48d5c3d97f753107f0577ed45","signature":"S8Y6cZRclDRYu+gc/4p9cOffhKgtgeGCU+D4ieNUQLlr4v4L8EKrkh4lOOslnb1TtykF4Fmtn5qvxuJoqmQcDA=="}
snc_msg[object Object]
Processing sequence number 2
statusCode: 201
hash a552ea209c3e103b095b4d68b58bfb67ce6b0d1fd88be099939bed2fe4ef3942
sig XHBdgV/onxV3HRPE+lpD+DD4NJ5g42cSfzwlj2PJmX9ohst6uecJMMDN0ELkWtyUtMiuR1navpcTqE2yybBWAw==
pk 302a300506032b6570032100bfa35fa484923290c46eeb282a6466a1ddd561f48d5c3d97f753107f0577ed45
{"payload64":"eyJvcGVyYXRpb24iOiJjcmVhdGVfYXNrIiwibmFtZSI6ImxqZmhqbGZoZmoiLCJhc2tfc3lzX2lkIjoiY2U2ZDU5NGM4NzgyYjA1MGU2NTFlZDc0MGNiYjM1NjAifQ==","hash":"a552ea209c3e103b095b4d68b58bfb67ce6b0d1fd88be099939bed2fe4ef3942","instance":"hnowdemo","participant":"Heineken","guid":"d97d998c8782b050e651ed740cbb355a","pubkey":"302a300506032b6570032100bfa35fa484923290c46eeb282a6466a1ddd561f48d5c3d97f753107f0577ed45","signature":"XHBdgV/onxV3HRPE+lpD+DD4NJ5g42cSfzwlj2PJmX9ohst6uecJMMDN0ELkWtyUtMiuR1navpcTqE2yybBWAw=="}
snc_msg[object Object]
Processing sequence number 3
statusCode: 201
hash 3186e8835e3f40031eaa5e11b0502bab2e51bea921e5cc0258579d94cd2cba5d
sig 9t1Q3mCqICu45SStW5TIOk+BUPzZnrH90wmgzNWI68ypfJwrfEmlXq0a9nxFu73orMTfeelvH0yfpHR6m41qCQ==
pk 302a300506032b6570032100bfa35fa484923290c46eeb282a6466a1ddd561f48d5c3d97f753107f0577ed45
{"payload64":"eyJvcGVyYXRpb24iOiJjcmVhdGVfYmlkIiwibmFtZSI6ImpramtoamhramhrIiwiYmlkX3N5c19pZCI6IjkxOGQxZDhjODc4MmIwNTBlNjUxZWQ3NDBjYmIzNWFkIiwiYXNrX3N5c19pZCI6ImNlNmQ1OTRjODc4MmIwNTBlNjUxZWQ3NDBjYmIzNTYwIn0=","hash":"3186e8835e3f40031eaa5e11b0502bab2e51bea921e5cc0258579d94cd2cba5d","instance":"hnowdemo","participant":"Heineken","guid":"078d9d8c8782b050e651ed740cbb35b2","pubkey":"302a300506032b6570032100bfa35fa484923290c46eeb282a6466a1ddd561f48d5c3d97f753107f0577ed45","signature":"9t1Q3mCqICu45SStW5TIOk+BUPzZnrH90wmgzNWI68ypfJwrfEmlXq0a9nxFu73orMTfeelvH0yfpHR6m41qCQ=="}
snc_msg[object Object]
Processing sequence number 4
statusCode: 201
hash 13e17caeb4fb7e470d56ace4ac5b570e384b51b3f83e53b4fd3caea6f46ab185
sig qcaPQ3KvBnv/3lFjQQiy3durC4rZ8uxpGR5nAzphgZQsjrulGVw9svTn4Y65r/msHAaM8PNHKAtA+wkUiN+IAw==
pk 302a300506032b6570032100bfa35fa484923290c46eeb282a6466a1ddd561f48d5c3d97f753107f0577ed45
{"payload64":"eyJvcGVyYXRpb24iOiJjcmVhdGVfYmlkIiwibmFtZSI6Im1uLG1uLG1uLCIsImJpZF9zeXNfaWQiOiI0Y2FkMWQ4Yzg3ODJiMDUwZTY1MWVkNzQwY2JiMzU5OSIsImFza19zeXNfaWQiOiJjZTZkNTk0Yzg3ODJiMDUwZTY1MWVkNzQwY2JiMzU2MCJ9","hash":"13e17caeb4fb7e470d56ace4ac5b570e384b51b3f83e53b4fd3caea6f46ab185","instance":"hnowdemo","participant":"Heineken","guid":"4dad51cc8782b050e651ed740cbb3567","pubkey":"302a300506032b6570032100bfa35fa484923290c46eeb282a6466a1ddd561f48d5c3d97f753107f0577ed45","signature":"qcaPQ3KvBnv/3lFjQQiy3durC4rZ8uxpGR5nAzphgZQsjrulGVw9svTn4Y65r/msHAaM8PNHKAtA+wkUiN+IAw=="}
snc_msg[object Object]
Processing sequence number 5
statusCode: 201
hash 9fa459230a256bd3fa349d6ba864276b578e74dd4aa710223eacba505784c517
sig jcXt0D55dim+axGFH/huxbN88D5dov922KJXBZquj/0Ggiv97aCmx1V7qregXx60ivmktgS+VsxvLRtgyJnsCA==
pk 302a300506032b6570032100bfa35fa484923290c46eeb282a6466a1ddd561f48d5c3d97f753107f0577ed45
{"payload64":"eyJvcGVyYXRpb24iOiJjcmVhdGVfYmlkIiwibmFtZSI6Impoa2praGpoayIsImJpZF9zeXNfaWQiOiI2ZGJkMWQ4Yzg3ODJiMDUwZTY1MWVkNzQwY2JiMzU5ZiIsImFza19zeXNfaWQiOiJjZTZkNTk0Yzg3ODJiMDUwZTY1MWVkNzQwY2JiMzU2MCJ9","hash":"9fa459230a256bd3fa349d6ba864276b578e74dd4aa710223eacba505784c517","instance":"hnowdemo","participant":"Heineken","guid":"80cd91cc8782b050e651ed740cbb351c","pubkey":"302a300506032b6570032100bfa35fa484923290c46eeb282a6466a1ddd561f48d5c3d97f753107f0577ed45","signature":"jcXt0D55dim+axGFH/huxbN88D5dov922KJXBZquj/0Ggiv97aCmx1V7qregXx60ivmktgS+VsxvLRtgyJnsCA=="}
snc_msg[object Object]
Processing sequence number 6
statusCode: 201
hash fb347fdcdbb5fe87f76a213e2a33b47b75db27192086a43e7f665119bd57e223
sig Z3rDv+NmeOH55jLCLTbVSMCQw1QgDVdVoSMf8bO9h9lUrwSxkiMlisqZ4A76MeQzz2QRjnX/+9sskuIa4y//AQ==
pk 302a300506032b6570032100bfa35fa484923290c46eeb282a6466a1ddd561f48d5c3d97f753107f0577ed45
{"payload64":"eyJvcGVyYXRpb24iOiJhY2NlcHRfYmlkIiwiYmlkX3N5c19pZCI6IjkxOGQxZDhjODc4MmIwNTBlNjUxZWQ3NDBjYmIzNWFkIn0=","hash":"fb347fdcdbb5fe87f76a213e2a33b47b75db27192086a43e7f665119bd57e223","instance":"hnowdemo","participant":"Heineken","guid":"bcdd19cc8782b050e651ed740cbb3545","pubkey":"302a300506032b6570032100bfa35fa484923290c46eeb282a6466a1ddd561f48d5c3d97f753107f0577ed45","signature":"Z3rDv+NmeOH55jLCLTbVSMCQw1QgDVdVoSMf8bO9h9lUrwSxkiMlisqZ4A76MeQzz2QRjnX/+9sskuIa4y//AQ=="}
snc_msg[object Object]
Processing sequence number 7
statusCode: 201
