here
hash 2bfe4715e80d3394014373aa19864233358dd1c4b04c8ccb98d3c676093ec747
sig 2DWrvSoLFSBrz/B+xkqyKzCwJ8maNBI7j7bwbOWuAO8UteEZeNmO9oqI8iCLlTczDOHtEkztOA9JU/stWmsECw==
pk 302a300506032b6570032100bfa35fa484923290c46eeb282a6466a1ddd561f48d5c3d97f753107f0577ed45
{"payload64":"eyJvcGVyYXRpb24iOiJjcmVhdGVfYXNrIiwibmFtZSI6ImhoaGgiLCJhc2tfc3lzX2lkIjoiMThjMDcxOGM4NzA2YjA1MGU2NTFlZDc0MGNiYjM1MTAifQ==","hash":"2bfe4715e80d3394014373aa19864233358dd1c4b04c8ccb98d3c676093ec747","instance":"hnowdemo","participant":"Heineken","guid":"16c0f18c8706b050e651ed740cbb3548","pubkey":"302a300506032b6570032100bfa35fa484923290c46eeb282a6466a1ddd561f48d5c3d97f753107f0577ed45","signature":"2DWrvSoLFSBrz/B+xkqyKzCwJ8maNBI7j7bwbOWuAO8UteEZeNmO9oqI8iCLlTczDOHtEkztOA9JU/stWmsECw=="}
snc_msg[object Object]
Processing sequence number 1
statusCode: 201
hash cd89a0a28444efb25c2226a81cbdf002aa91fdf6d43c5d3219cd8b7e54808c61
sig YddKoj9AgzEn34OYXzVh3QH22pu/WusHEv0bFLCN3fLumyYvxU+Qkk/qCsMCRwczEHROfBg/9wa9VzWRYmFnCg==
pk 302a300506032b6570032100bfa35fa484923290c46eeb282a6466a1ddd561f48d5c3d97f753107f0577ed45
{"payload64":"eyJvcGVyYXRpb24iOiJjcmVhdGVfYmlkIiwibmFtZSI6ImJpZCAxIiwiYmlkX3N5c19pZCI6ImIyZTBiNThjODcwNmIwNTBlNjUxZWQ3NDBjYmIzNWY2IiwiYXNrX3N5c19pZCI6IjE4YzA3MThjODcwNmIwNTBlNjUxZWQ3NDBjYmIzNTEwIn0=","hash":"cd89a0a28444efb25c2226a81cbdf002aa91fdf6d43c5d3219cd8b7e54808c61","instance":"hnowdemo","participant":"Heineken","guid":"48f0398c8706b050e651ed740cbb3532","pubkey":"302a300506032b6570032100bfa35fa484923290c46eeb282a6466a1ddd561f48d5c3d97f753107f0577ed45","signature":"YddKoj9AgzEn34OYXzVh3QH22pu/WusHEv0bFLCN3fLumyYvxU+Qkk/qCsMCRwczEHROfBg/9wa9VzWRYmFnCg=="}
snc_msg[object Object]
Processing sequence number 2
statusCode: 201
hash 59ec023f793cfb1aea58bbcc72ef3d578593c876716e77e0bbea5d87e1ee56af
sig JWqe/MF0cLX+/eo8dhfUls3C6gmk1Xxy246XmcAZDXxEQJai60Dd7ACLiBt3fyjPdHgwheMugvNIj5xjyCfVCg==
pk 302a300506032b6570032100bfa35fa484923290c46eeb282a6466a1ddd561f48d5c3d97f753107f0577ed45
{"payload64":"eyJvcGVyYXRpb24iOiJjcmVhdGVfYmlkIiwibmFtZSI6ImJpZCAyIiwiYmlkX3N5c19pZCI6IjhiZjBmNTRjODcwNmIwNTBlNjUxZWQ3NDBjYmIzNTBmIiwiYXNrX3N5c19pZCI6IjE4YzA3MThjODcwNmIwNTBlNjUxZWQ3NDBjYmIzNTEwIn0=","hash":"59ec023f793cfb1aea58bbcc72ef3d578593c876716e77e0bbea5d87e1ee56af","instance":"hnowdemo","participant":"Heineken","guid":"37f0798c8706b050e651ed740cbb35c5","pubkey":"302a300506032b6570032100bfa35fa484923290c46eeb282a6466a1ddd561f48d5c3d97f753107f0577ed45","signature":"JWqe/MF0cLX+/eo8dhfUls3C6gmk1Xxy246XmcAZDXxEQJai60Dd7ACLiBt3fyjPdHgwheMugvNIj5xjyCfVCg=="}
snc_msg[object Object]
Processing sequence number 3
statusCode: 201
hash 1c094feaa661b6b3bff4a62bcdb9d1d162a3863c0861abee4ee6b9b4bd599719
sig CmscXZXrD1IHrnwOZZsF8LHa3jocsm0vrRHs58/BO/w/w7vwPfAPRexdLifx7tXWNPlxucMqn38VkhQ1rltjBQ==
pk 302a300506032b6570032100bfa35fa484923290c46eeb282a6466a1ddd561f48d5c3d97f753107f0577ed45
{"payload64":"eyJvcGVyYXRpb24iOiJjcmVhdGVfYmlkIiwibmFtZSI6ImJpZCAzIiwiYmlkX3N5c19pZCI6ImY1MTEzZDhjODcwNmIwNTBlNjUxZWQ3NDBjYmIzNWI1IiwiYXNrX3N5c19pZCI6IjE4YzA3MThjODcwNmIwNTBlNjUxZWQ3NDBjYmIzNTEwIn0=","hash":"1c094feaa661b6b3bff4a62bcdb9d1d162a3863c0861abee4ee6b9b4bd599719","instance":"hnowdemo","participant":"Heineken","guid":"af11798c8706b050e651ed740cbb353d","pubkey":"302a300506032b6570032100bfa35fa484923290c46eeb282a6466a1ddd561f48d5c3d97f753107f0577ed45","signature":"CmscXZXrD1IHrnwOZZsF8LHa3jocsm0vrRHs58/BO/w/w7vwPfAPRexdLifx7tXWNPlxucMqn38VkhQ1rltjBQ=="}
snc_msg[object Object]
Processing sequence number 4
statusCode: 201
hash fcaff14009c2b7523972d1057636ca6573d3ec47fddefdbd0cbcd0fd87c04406
sig liUrk/TYBkLuUAHdyf4MJqH7opgssnnf2skeybhTLTiDS+QC1FF035L3pDjHxXjBFoqvqlUHXnwKAXRFjGTMDQ==
pk 302a300506032b6570032100bfa35fa484923290c46eeb282a6466a1ddd561f48d5c3d97f753107f0577ed45
{"payload64":"eyJvcGVyYXRpb24iOiJhY2NlcHRfYmlkIiwiYmlkX3N5c19pZCI6ImY1MTEzZDhjODcwNmIwNTBlNjUxZWQ3NDBjYmIzNWI1In0=","hash":"fcaff14009c2b7523972d1057636ca6573d3ec47fddefdbd0cbcd0fd87c04406","instance":"hnowdemo","participant":"Heineken","guid":"7721fd8c8706b050e651ed740cbb355b","pubkey":"302a300506032b6570032100bfa35fa484923290c46eeb282a6466a1ddd561f48d5c3d97f753107f0577ed45","signature":"liUrk/TYBkLuUAHdyf4MJqH7opgssnnf2skeybhTLTiDS+QC1FF035L3pDjHxXjBFoqvqlUHXnwKAXRFjGTMDQ=="}
snc_msg[object Object]
Processing sequence number 5
statusCode: 201
