here
hash 73c52584d5236659306ee3898a0522f756b55f224fe7f039a4eee74345afb6d2
sig HoYpNrJx5U+uSMDXbl0VDbzMzyOYHz71S/LrsnpNka1Icli6oBEGLRRoydXe7dBkfNKGXm939Ix6HhbIuvEeDw==
pk 302a300506032b6570032100f5ac22a454c86fe3ead05f136df9b5afcbf9f9c3a516fbf28cf7494366675e6b
{"payload64":"eyJtYWluX3RhYmxlIjoieF9zbmNfaG5vd19tZXNzYWdlIiwibWFpbl90b3BpYyI6IjAuMC4yMjI4MjYyIiwic2VxIjoiMSIsInN0YXRlIjoiYzViMjc3OGQ4ZWYzNmQwODAxZjc4MmU5OGIwMDc0NTFkZWMxYTJkNDc3NTNiN2I1M2IyMWQ5M2E0YTc5ZjdmZCJ9","hash":"73c52584d5236659306ee3898a0522f756b55f224fe7f039a4eee74345afb6d2","instance":"hnowdemo","participant":"Verification","guid":"261c9d08878ab0506f170e99cebb3587","pubkey":"302a300506032b6570032100f5ac22a454c86fe3ead05f136df9b5afcbf9f9c3a516fbf28cf7494366675e6b","signature":"HoYpNrJx5U+uSMDXbl0VDbzMzyOYHz71S/LrsnpNka1Icli6oBEGLRRoydXe7dBkfNKGXm939Ix6HhbIuvEeDw=="}
snc_msg[object Object]
Processing sequence number 1
statusCode: 201
hash fc5a2abd34811c81eb1806d9a6b90bb0b30cdb3de33ec1f5675b0343c28a53c1
sig HYwCN5AZTYxzz9lWrehPAIFeQwWN0eRKODuuxbjfvg091aZVu2OW/UayWx0M7t3VzLVoOsKcGLKyatGzo8duAg==
pk 302a300506032b6570032100f5ac22a454c86fe3ead05f136df9b5afcbf9f9c3a516fbf28cf7494366675e6b
{"payload64":"eyJtYWluX3RhYmxlIjoieF9zbmNfaG5vd19tZXNzYWdlIiwibWFpbl90b3BpYyI6IjAuMC4yMjI4MjYyIiwic2VxIjoiMiIsInN0YXRlIjoiYjExMWRmMzJmZGNkNTZjMzc1YmYyMmFhYTc3NzdiZTIxZTU3NzRjM2ExZThiMmRmMWIzNjFkZWNjNWRjYzNiMSJ9","hash":"fc5a2abd34811c81eb1806d9a6b90bb0b30cdb3de33ec1f5675b0343c28a53c1","instance":"hnowdemo","participant":"Verification","guid":"5dcc194c8782b050e651ed740cbb35cb","pubkey":"302a300506032b6570032100f5ac22a454c86fe3ead05f136df9b5afcbf9f9c3a516fbf28cf7494366675e6b","signature":"HYwCN5AZTYxzz9lWrehPAIFeQwWN0eRKODuuxbjfvg091aZVu2OW/UayWx0M7t3VzLVoOsKcGLKyatGzo8duAg=="}
snc_msg[object Object]
Processing sequence number 2
statusCode: 201
hash 1bf61147f876d7322b14d34d9f0480cb97c5f753fa28025b29eec76546cc1389
sig 99hIbJJGGMX008TOrqS4DV1ybyF98rp7sR0PNMdbZT6Ktq3EmFcclrNpuHaOLckEbkChTfCDS8/+kQ4/p/rrBg==
pk 302a300506032b6570032100f5ac22a454c86fe3ead05f136df9b5afcbf9f9c3a516fbf28cf7494366675e6b
{"payload64":"eyJtYWluX3RhYmxlIjoieF9zbmNfaG5vd19tZXNzYWdlIiwibWFpbl90b3BpYyI6IjAuMC4yMjI4MjYyIiwic2VxIjoiMyIsInN0YXRlIjoiMTNmNzI0MTAxMmZjOGMyNDdhNTdmYzViZTRmMTYxMTNkZWNmYjJmNGYzOTMyZDI1NjAzZWQyNDM2Y2Y1YjA1ZCJ9","hash":"1bf61147f876d7322b14d34d9f0480cb97c5f753fa28025b29eec76546cc1389","instance":"hnowdemo","participant":"Verification","guid":"1b7dd1c8878ab0506f170e99cebb353a","pubkey":"302a300506032b6570032100f5ac22a454c86fe3ead05f136df9b5afcbf9f9c3a516fbf28cf7494366675e6b","signature":"99hIbJJGGMX008TOrqS4DV1ybyF98rp7sR0PNMdbZT6Ktq3EmFcclrNpuHaOLckEbkChTfCDS8/+kQ4/p/rrBg=="}
snc_msg[object Object]
Processing sequence number 3
statusCode: 201
hash 06a9f9e02b2e8560785cd085a1ab32f543db8365cc84cb9f7a9d002541224dd0
sig PczPB+G5FZCcOPg8PPzUJTDTuMbNjygzkx3dp28ELYHEDY+J+6+VsGHULQm7MmLb+xZ00KxeG7GOiROPefnKCg==
pk 302a300506032b6570032100f5ac22a454c86fe3ead05f136df9b5afcbf9f9c3a516fbf28cf7494366675e6b
{"payload64":"eyJtYWluX3RhYmxlIjoieF9zbmNfaG5vd19tZXNzYWdlIiwibWFpbl90b3BpYyI6IjAuMC4yMjI4MjYyIiwic2VxIjoiNCIsInN0YXRlIjoiNmRjOGM4MjQ2Mzg1OWU4NTMwMTZlYmRmNmQ2ODViZTI1MzNkODdjNDY1YjI3ZWFlN2RjOGJhOTE3MmU0NDBlYyJ9","hash":"06a9f9e02b2e8560785cd085a1ab32f543db8365cc84cb9f7a9d002541224dd0","instance":"hnowdemo","participant":"Verification","guid":"9d9d95c8878ab0506f170e99cebb355b","pubkey":"302a300506032b6570032100f5ac22a454c86fe3ead05f136df9b5afcbf9f9c3a516fbf28cf7494366675e6b","signature":"PczPB+G5FZCcOPg8PPzUJTDTuMbNjygzkx3dp28ELYHEDY+J+6+VsGHULQm7MmLb+xZ00KxeG7GOiROPefnKCg=="}
snc_msg[object Object]
Processing sequence number 4
statusCode: 201
hash 982e8acaba2c371939caa0c9dedc62175278f14558f9e4a46b5061f1a55409ab
sig 42rGPF8dNy7telAkuo38jbkB9WvFwmybxd2GPfSEYzZT61L3ATczr+8jubcBVzT7Efzajwte6zevtZ4kpnZvCg==
pk 302a300506032b6570032100f5ac22a454c86fe3ead05f136df9b5afcbf9f9c3a516fbf28cf7494366675e6b
{"payload64":"eyJtYWluX3RhYmxlIjoieF9zbmNfaG5vd19tZXNzYWdlIiwibWFpbl90b3BpYyI6IjAuMC4yMjI4MjYyIiwic2VxIjoiNSIsInN0YXRlIjoiNTAwYjRhMTA0MDZlMGU0Nzc2OGMyZGQ2YzgzOGE2NmY2ZmRlZjRkYzM3MzU3NzViZDZiNDBkOGEyMWJlNGFkYSJ9","hash":"982e8acaba2c371939caa0c9dedc62175278f14558f9e4a46b5061f1a55409ab","instance":"hnowdemo","participant":"Verification","guid":"e2ad19c8878ab0506f170e99cebb35f3","pubkey":"302a300506032b6570032100f5ac22a454c86fe3ead05f136df9b5afcbf9f9c3a516fbf28cf7494366675e6b","signature":"42rGPF8dNy7telAkuo38jbkB9WvFwmybxd2GPfSEYzZT61L3ATczr+8jubcBVzT7Efzajwte6zevtZ4kpnZvCg=="}
snc_msg[object Object]
Processing sequence number 5
statusCode: 201
hash 02616688c713594e9e24cc8cd0cfd547496aa36f5f28a5bfce94094c908cd4ec
sig 0lymKzrysv8mN6tMlV04u9ffR6X5YBZwehALaS5CAqHoOCSKHz+oDxJnkSNjTuXaIpnOKAnVa2pI6NlCLaikAw==
pk 302a300506032b6570032100f5ac22a454c86fe3ead05f136df9b5afcbf9f9c3a516fbf28cf7494366675e6b
{"payload64":"eyJtYWluX3RhYmxlIjoieF9zbmNfaG5vd19tZXNzYWdlIiwibWFpbl90b3BpYyI6IjAuMC4yMjI4MjYyIiwic2VxIjoiNiIsInN0YXRlIjoiZWRkZmUxM2RjZThlZGM4MmJhOTRmZWMwY2U4NmIwYmQ0YzgxNDI4NDE5NjJkZGVjNDdiMDhmOGI3ODAwOTE3MCJ9","hash":"02616688c713594e9e24cc8cd0cfd547496aa36f5f28a5bfce94094c908cd4ec","instance":"hnowdemo","participant":"Verification","guid":"adcd55cc8782b050e651ed740cbb359d","pubkey":"302a300506032b6570032100f5ac22a454c86fe3ead05f136df9b5afcbf9f9c3a516fbf28cf7494366675e6b","signature":"0lymKzrysv8mN6tMlV04u9ffR6X5YBZwehALaS5CAqHoOCSKHz+oDxJnkSNjTuXaIpnOKAnVa2pI6NlCLaikAw=="}
snc_msg[object Object]
Processing sequence number 6
statusCode: 201
hash 217ea1825aace355ac0385b450854a3d68473abb985eb51a948f177ac0b614a6
sig DUP9tjca95QpaQS4ZHHz+OFz7YN5e8oT85GZeVJ6FDNnPQUINbFEy/6p0xfrH9dbO8RbJKuRb+K2juQS3Pj0AA==
pk 302a300506032b6570032100f5ac22a454c86fe3ead05f136df9b5afcbf9f9c3a516fbf28cf7494366675e6b
{"payload64":"eyJtYWluX3RhYmxlIjoieF9zbmNfaG5vd19tZXNzYWdlIiwibWFpbl90b3BpYyI6IjAuMC4yMjI4MjYyIiwic2VxIjoiNyIsInN0YXRlIjoiZWRkZmUxM2RjZThlZGM4MmJhOTRmZWMwY2U4NmIwYmQ0YzgxNDI4NDE5NjJkZGVjNDdiMDhmOGI3ODAwOTE3MCJ9","hash":"217ea1825aace355ac0385b450854a3d68473abb985eb51a948f177ac0b614a6","instance":"hnowdemo","participant":"Verification","guid":"42dd19cc8782b050e651ed740cbb359f","pubkey":"302a300506032b6570032100f5ac22a454c86fe3ead05f136df9b5afcbf9f9c3a516fbf28cf7494366675e6b","signature":"DUP9tjca95QpaQS4ZHHz+OFz7YN5e8oT85GZeVJ6FDNnPQUINbFEy/6p0xfrH9dbO8RbJKuRb+K2juQS3Pj0AA=="}
snc_msg[object Object]
Processing sequence number 7
statusCode: 201
